[2025-10-24 10:33:59] local.ERROR: SQLSTATE[42S02]: Base table or view not found: 1146 Table 'my-crm.customers' doesn't exist (Connection: mysql, SQL: insert into `customers` (`created_at`, `email`, `meta`, `name`, `phone`, `updated_at`) values (2025-10-24 10:33:59, ali@example.com, {"source":"import"}, Ali Reza, +989123456789, 2025-10-24 10:33:59), (2025-10-24 10:33:59, sara@example.com, {"source":"web"}, Sara Ahmadi, +989198765432, 2025-10-24 10:33:59)) {"exception":"[object] (Illuminate\\Database\\QueryException(code: 42S02): SQLSTATE[42S02]: Base table or view not found: 1146 Table 'my-crm.customers' doesn't exist (Connection: mysql, SQL: insert into `customers` (`created_at`, `email`, `meta`, `name`, `phone`, `updated_at`) values (2025-10-24 10:33:59, ali@example.com, {\"source\":\"import\"}, Ali Reza, +989123456789, 2025-10-24 10:33:59), (2025-10-24 10:33:59, sara@example.com, {\"source\":\"web\"}, Sara Ahmadi, +989198765432, 2025-10-24 10:33:59)) at E:\\Project\\Web\\laragon\\www\\my-crm\\backend\\vendor\\laravel\\framework\\src\\Illuminate\\Database\\Connection.php:829)
[stacktrace]
#0 E:\\Project\\Web\\laragon\\www\\my-crm\\backend\\vendor\\laravel\\framework\\src\\Illuminate\\Database\\Connection.php(783): Illuminate\\Database\\Connection->runQueryCallback('insert into `cu...', Array, Object(Closure))
#1 E:\\Project\\Web\\laragon\\www\\my-crm\\backend\\vendor\\laravel\\framework\\src\\Illuminate\\Database\\MySqlConnection.php(50): Illuminate\\Database\\Connection->run('insert into `cu...', Array, Object(Closure))
#2 E:\\Project\\Web\\laragon\\www\\my-crm\\backend\\vendor\\laravel\\framework\\src\\Illuminate\\Database\\Query\\Builder.php(3500): Illuminate\\Database\\MySqlConnection->insert('insert into `cu...', Array)
#3 E:\\Project\\Web\\laragon\\www\\my-crm\\backend\\database\\seeders\\CustomerSeeder.php(27): Illuminate\\Database\\Query\\Builder->insert(Array)
#4 E:\\Project\\Web\\laragon\\www\\my-crm\\backend\\vendor\\laravel\\framework\\src\\Illuminate\\Container\\BoundMethod.php(36): Database\\Seeders\\CustomerSeeder->run()
#5 E:\\Project\\Web\\laragon\\www\\my-crm\\backend\\vendor\\laravel\\framework\\src\\Illuminate\\Container\\Util.php(41): Illuminate\\Container\\BoundMethod::Illuminate\\Container\\{closure}()
#6 E:\\Project\\Web\\laragon\\www\\my-crm\\backend\\vendor\\laravel\\framework\\src\\Illuminate\\Container\\BoundMethod.php(93): Illuminate\\Container\\Util::unwrapIfClosure(Object(Closure))
#7 E:\\Project\\Web\\laragon\\www\\my-crm\\backend\\vendor\\laravel\\framework\\src\\Illuminate\\Container\\BoundMethod.php(37): Illuminate\\Container\\BoundMethod::callBoundMethod(Object(Illuminate\\Foundation\\Application), Array, Object(Closure))
#8 E:\\Project\\Web\\laragon\\www\\my-crm\\backend\\vendor\\laravel\\framework\\src\\Illuminate\\Container\\Container.php(662): Illuminate\\Container\\BoundMethod::call(Object(Illuminate\\Foundation\\Application), Array, Array, NULL)
#9 E:\\Project\\Web\\laragon\\www\\my-crm\\backend\\vendor\\laravel\\framework\\src\\Illuminate\\Database\\Seeder.php(184): Illuminate\\Container\\Container->call(Array, Array)
#10 E:\\Project\\Web\\laragon\\www\\my-crm\\backend\\vendor\\laravel\\framework\\src\\Illuminate\\Database\\Seeder.php(193): Illuminate\\Database\\Seeder->Illuminate\\Database\\{closure}()
#11 E:\\Project\\Web\\laragon\\www\\my-crm\\backend\\vendor\\laravel\\framework\\src\\Illuminate\\Database\\Console\\Seeds\\SeedCommand.php(70): Illuminate\\Database\\Seeder->__invoke()
#12 E:\\Project\\Web\\laragon\\www\\my-crm\\backend\\vendor\\laravel\\framework\\src\\Illuminate\\Database\\Eloquent\\Concerns\\GuardsAttributes.php(155): Illuminate\\Database\\Console\\Seeds\\SeedCommand->Illuminate\\Database\\Console\\Seeds\\{closure}()
#13 E:\\Project\\Web\\laragon\\www\\my-crm\\backend\\vendor\\laravel\\framework\\src\\Illuminate\\Database\\Console\\Seeds\\SeedCommand.php(71): Illuminate\\Database\\Eloquent\\Model::unguarded(Object(Closure))
#14 E:\\Project\\Web\\laragon\\www\\my-crm\\backend\\vendor\\laravel\\framework\\src\\Illuminate\\Container\\BoundMethod.php(36): Illuminate\\Database\\Console\\Seeds\\SeedCommand->handle()
#15 E:\\Project\\Web\\laragon\\www\\my-crm\\backend\\vendor\\laravel\\framework\\src\\Illuminate\\Container\\Util.php(41): Illuminate\\Container\\BoundMethod::Illuminate\\Container\\{closure}()
#16 E:\\Project\\Web\\laragon\\www\\my-crm\\backend\\vendor\\laravel\\framework\\src\\Illuminate\\Container\\BoundMethod.php(93): Illuminate\\Container\\Util::unwrapIfClosure(Object(Closure))
#17 E:\\Project\\Web\\laragon\\www\\my-crm\\backend\\vendor\\laravel\\framework\\src\\Illuminate\\Container\\BoundMethod.php(37): Illuminate\\Container\\BoundMethod::callBoundMethod(Object(Illuminate\\Foundation\\Application), Array, Object(Closure))
#18 E:\\Project\\Web\\laragon\\www\\my-crm\\backend\\vendor\\laravel\\framework\\src\\Illuminate\\Container\\Container.php(662): Illuminate\\Container\\BoundMethod::call(Object(Illuminate\\Foundation\\Application), Array, Array, NULL)
#19 E:\\Project\\Web\\laragon\\www\\my-crm\\backend\\vendor\\laravel\\framework\\src\\Illuminate\\Console\\Command.php(211): Illuminate\\Container\\Container->call(Array)
#20 E:\\Project\\Web\\laragon\\www\\my-crm\\backend\\vendor\\symfony\\console\\Command\\Command.php(326): Illuminate\\Console\\Command->execute(Object(Symfony\\Component\\Console\\Input\\ArgvInput), Object(Illuminate\\Console\\OutputStyle))
#21 E:\\Project\\Web\\laragon\\www\\my-crm\\backend\\vendor\\laravel\\framework\\src\\Illuminate\\Console\\Command.php(181): Symfony\\Component\\Console\\Command\\Command->run(Object(Symfony\\Component\\Console\\Input\\ArgvInput), Object(Illuminate\\Console\\OutputStyle))
#22 E:\\Project\\Web\\laragon\\www\\my-crm\\backend\\vendor\\symfony\\console\\Application.php(1096): Illuminate\\Console\\Command->run(Object(Symfony\\Component\\Console\\Input\\ArgvInput), Object(Symfony\\Component\\Console\\Output\\ConsoleOutput))
#23 E:\\Project\\Web\\laragon\\www\\my-crm\\backend\\vendor\\symfony\\console\\Application.php(324): Symfony\\Component\\Console\\Application->doRunCommand(Object(Illuminate\\Database\\Console\\Seeds\\SeedCommand), Object(Symfony\\Component\\Console\\Input\\ArgvInput), Object(Symfony\\Component\\Console\\Output\\ConsoleOutput))
#24 E:\\Project\\Web\\laragon\\www\\my-crm\\backend\\vendor\\symfony\\console\\Application.php(175): Symfony\\Component\\Console\\Application->doRun(Object(Symfony\\Component\\Console\\Input\\ArgvInput), Object(Symfony\\Component\\Console\\Output\\ConsoleOutput))
#25 E:\\Project\\Web\\laragon\\www\\my-crm\\backend\\vendor\\laravel\\framework\\src\\Illuminate\\Foundation\\Console\\Kernel.php(201): Symfony\\Component\\Console\\Application->run(Object(Symfony\\Component\\Console\\Input\\ArgvInput), Object(Symfony\\Component\\Console\\Output\\ConsoleOutput))
#26 E:\\Project\\Web\\laragon\\www\\my-crm\\backend\\artisan(37): Illuminate\\Foundation\\Console\\Kernel->handle(Object(Symfony\\Component\\Console\\Input\\ArgvInput), Object(Symfony\\Component\\Console\\Output\\ConsoleOutput))
#27 {main}

[previous exception] [object] (PDOException(code: 42S02): SQLSTATE[42S02]: Base table or view not found: 1146 Table 'my-crm.customers' doesn't exist at E:\\Project\\Web\\laragon\\www\\my-crm\\backend\\vendor\\laravel\\framework\\src\\Illuminate\\Database\\MySqlConnection.php:39)
[stacktrace]
#0 E:\\Project\\Web\\laragon\\www\\my-crm\\backend\\vendor\\laravel\\framework\\src\\Illuminate\\Database\\MySqlConnection.php(39): PDO->prepare('insert into `cu...')
#1 E:\\Project\\Web\\laragon\\www\\my-crm\\backend\\vendor\\laravel\\framework\\src\\Illuminate\\Database\\Connection.php(816): Illuminate\\Database\\MySqlConnection->Illuminate\\Database\\{closure}('insert into `cu...', Array)
#2 E:\\Project\\Web\\laragon\\www\\my-crm\\backend\\vendor\\laravel\\framework\\src\\Illuminate\\Database\\Connection.php(783): Illuminate\\Database\\Connection->runQueryCallback('insert into `cu...', Array, Object(Closure))
#3 E:\\Project\\Web\\laragon\\www\\my-crm\\backend\\vendor\\laravel\\framework\\src\\Illuminate\\Database\\MySqlConnection.php(50): Illuminate\\Database\\Connection->run('insert into `cu...', Array, Object(Closure))
#4 E:\\Project\\Web\\laragon\\www\\my-crm\\backend\\vendor\\laravel\\framework\\src\\Illuminate\\Database\\Query\\Builder.php(3500): Illuminate\\Database\\MySqlConnection->insert('insert into `cu...', Array)
#5 E:\\Project\\Web\\laragon\\www\\my-crm\\backend\\database\\seeders\\CustomerSeeder.php(27): Illuminate\\Database\\Query\\Builder->insert(Array)
#6 E:\\Project\\Web\\laragon\\www\\my-crm\\backend\\vendor\\laravel\\framework\\src\\Illuminate\\Container\\BoundMethod.php(36): Database\\Seeders\\CustomerSeeder->run()
#7 E:\\Project\\Web\\laragon\\www\\my-crm\\backend\\vendor\\laravel\\framework\\src\\Illuminate\\Container\\Util.php(41): Illuminate\\Container\\BoundMethod::Illuminate\\Container\\{closure}()
#8 E:\\Project\\Web\\laragon\\www\\my-crm\\backend\\vendor\\laravel\\framework\\src\\Illuminate\\Container\\BoundMethod.php(93): Illuminate\\Container\\Util::unwrapIfClosure(Object(Closure))
#9 E:\\Project\\Web\\laragon\\www\\my-crm\\backend\\vendor\\laravel\\framework\\src\\Illuminate\\Container\\BoundMethod.php(37): Illuminate\\Container\\BoundMethod::callBoundMethod(Object(Illuminate\\Foundation\\Application), Array, Object(Closure))
#10 E:\\Project\\Web\\laragon\\www\\my-crm\\backend\\vendor\\laravel\\framework\\src\\Illuminate\\Container\\Container.php(662): Illuminate\\Container\\BoundMethod::call(Object(Illuminate\\Foundation\\Application), Array, Array, NULL)
#11 E:\\Project\\Web\\laragon\\www\\my-crm\\backend\\vendor\\laravel\\framework\\src\\Illuminate\\Database\\Seeder.php(184): Illuminate\\Container\\Container->call(Array, Array)
#12 E:\\Project\\Web\\laragon\\www\\my-crm\\backend\\vendor\\laravel\\framework\\src\\Illuminate\\Database\\Seeder.php(193): Illuminate\\Database\\Seeder->Illuminate\\Database\\{closure}()
#13 E:\\Project\\Web\\laragon\\www\\my-crm\\backend\\vendor\\laravel\\framework\\src\\Illuminate\\Database\\Console\\Seeds\\SeedCommand.php(70): Illuminate\\Database\\Seeder->__invoke()
#14 E:\\Project\\Web\\laragon\\www\\my-crm\\backend\\vendor\\laravel\\framework\\src\\Illuminate\\Database\\Eloquent\\Concerns\\GuardsAttributes.php(155): Illuminate\\Database\\Console\\Seeds\\SeedCommand->Illuminate\\Database\\Console\\Seeds\\{closure}()
#15 E:\\Project\\Web\\laragon\\www\\my-crm\\backend\\vendor\\laravel\\framework\\src\\Illuminate\\Database\\Console\\Seeds\\SeedCommand.php(71): Illuminate\\Database\\Eloquent\\Model::unguarded(Object(Closure))
#16 E:\\Project\\Web\\laragon\\www\\my-crm\\backend\\vendor\\laravel\\framework\\src\\Illuminate\\Container\\BoundMethod.php(36): Illuminate\\Database\\Console\\Seeds\\SeedCommand->handle()
#17 E:\\Project\\Web\\laragon\\www\\my-crm\\backend\\vendor\\laravel\\framework\\src\\Illuminate\\Container\\Util.php(41): Illuminate\\Container\\BoundMethod::Illuminate\\Container\\{closure}()
#18 E:\\Project\\Web\\laragon\\www\\my-crm\\backend\\vendor\\laravel\\framework\\src\\Illuminate\\Container\\BoundMethod.php(93): Illuminate\\Container\\Util::unwrapIfClosure(Object(Closure))
#19 E:\\Project\\Web\\laragon\\www\\my-crm\\backend\\vendor\\laravel\\framework\\src\\Illuminate\\Container\\BoundMethod.php(37): Illuminate\\Container\\BoundMethod::callBoundMethod(Object(Illuminate\\Foundation\\Application), Array, Object(Closure))
#20 E:\\Project\\Web\\laragon\\www\\my-crm\\backend\\vendor\\laravel\\framework\\src\\Illuminate\\Container\\Container.php(662): Illuminate\\Container\\BoundMethod::call(Object(Illuminate\\Foundation\\Application), Array, Array, NULL)
#21 E:\\Project\\Web\\laragon\\www\\my-crm\\backend\\vendor\\laravel\\framework\\src\\Illuminate\\Console\\Command.php(211): Illuminate\\Container\\Container->call(Array)
#22 E:\\Project\\Web\\laragon\\www\\my-crm\\backend\\vendor\\symfony\\console\\Command\\Command.php(326): Illuminate\\Console\\Command->execute(Object(Symfony\\Component\\Console\\Input\\ArgvInput), Object(Illuminate\\Console\\OutputStyle))
#23 E:\\Project\\Web\\laragon\\www\\my-crm\\backend\\vendor\\laravel\\framework\\src\\Illuminate\\Console\\Command.php(181): Symfony\\Component\\Console\\Command\\Command->run(Object(Symfony\\Component\\Console\\Input\\ArgvInput), Object(Illuminate\\Console\\OutputStyle))
#24 E:\\Project\\Web\\laragon\\www\\my-crm\\backend\\vendor\\symfony\\console\\Application.php(1096): Illuminate\\Console\\Command->run(Object(Symfony\\Component\\Console\\Input\\ArgvInput), Object(Symfony\\Component\\Console\\Output\\ConsoleOutput))
#25 E:\\Project\\Web\\laragon\\www\\my-crm\\backend\\vendor\\symfony\\console\\Application.php(324): Symfony\\Component\\Console\\Application->doRunCommand(Object(Illuminate\\Database\\Console\\Seeds\\SeedCommand), Object(Symfony\\Component\\Console\\Input\\ArgvInput), Object(Symfony\\Component\\Console\\Output\\ConsoleOutput))
#26 E:\\Project\\Web\\laragon\\www\\my-crm\\backend\\vendor\\symfony\\console\\Application.php(175): Symfony\\Component\\Console\\Application->doRun(Object(Symfony\\Component\\Console\\Input\\ArgvInput), Object(Symfony\\Component\\Console\\Output\\ConsoleOutput))
#27 E:\\Project\\Web\\laragon\\www\\my-crm\\backend\\vendor\\laravel\\framework\\src\\Illuminate\\Foundation\\Console\\Kernel.php(201): Symfony\\Component\\Console\\Application->run(Object(Symfony\\Component\\Console\\Input\\ArgvInput), Object(Symfony\\Component\\Console\\Output\\ConsoleOutput))
#28 E:\\Project\\Web\\laragon\\www\\my-crm\\backend\\artisan(37): Illuminate\\Foundation\\Console\\Kernel->handle(Object(Symfony\\Component\\Console\\Input\\ArgvInput), Object(Symfony\\Component\\Console\\Output\\ConsoleOutput))
#29 {main}
"} 
[2025-10-24 11:34:27] local.ERROR: syntax error, unexpected token ".", expecting "," or ";" {"exception":"[object] (ParseError(code: 0): syntax error, unexpected token \".\", expecting \",\" or \";\" at E:\\Project\\Web\\laragon\\www\\my-crm\\backend\\modules\\Customer\\Routes\\web.php:8)
[stacktrace]
#0 E:\\Project\\Web\\laragon\\www\\my-crm\\backend\\modules\\Customer\\Providers\\CustomerServiceProvider.php(16): Illuminate\\Support\\ServiceProvider->loadRoutesFrom('E:\\\\Project\\\\Web\\\\...')
#1 E:\\Project\\Web\\laragon\\www\\my-crm\\backend\\vendor\\laravel\\framework\\src\\Illuminate\\Container\\BoundMethod.php(36): Modules\\Customer\\Providers\\CustomerServiceProvider->boot()
#2 E:\\Project\\Web\\laragon\\www\\my-crm\\backend\\vendor\\laravel\\framework\\src\\Illuminate\\Container\\Util.php(41): Illuminate\\Container\\BoundMethod::Illuminate\\Container\\{closure}()
#3 E:\\Project\\Web\\laragon\\www\\my-crm\\backend\\vendor\\laravel\\framework\\src\\Illuminate\\Container\\BoundMethod.php(93): Illuminate\\Container\\Util::unwrapIfClosure(Object(Closure))
#4 E:\\Project\\Web\\laragon\\www\\my-crm\\backend\\vendor\\laravel\\framework\\src\\Illuminate\\Container\\BoundMethod.php(37): Illuminate\\Container\\BoundMethod::callBoundMethod(Object(Illuminate\\Foundation\\Application), Array, Object(Closure))
#5 E:\\Project\\Web\\laragon\\www\\my-crm\\backend\\vendor\\laravel\\framework\\src\\Illuminate\\Container\\Container.php(662): Illuminate\\Container\\BoundMethod::call(Object(Illuminate\\Foundation\\Application), Array, Array, NULL)
#6 E:\\Project\\Web\\laragon\\www\\my-crm\\backend\\vendor\\laravel\\framework\\src\\Illuminate\\Foundation\\Application.php(1059): Illuminate\\Container\\Container->call(Array)
#7 E:\\Project\\Web\\laragon\\www\\my-crm\\backend\\vendor\\laravel\\framework\\src\\Illuminate\\Foundation\\Application.php(1040): Illuminate\\Foundation\\Application->bootProvider(Object(Modules\\Customer\\Providers\\CustomerServiceProvider))
#8 [internal function]: Illuminate\\Foundation\\Application->Illuminate\\Foundation\\{closure}(Object(Modules\\Customer\\Providers\\CustomerServiceProvider), 24)
#9 E:\\Project\\Web\\laragon\\www\\my-crm\\backend\\vendor\\laravel\\framework\\src\\Illuminate\\Foundation\\Application.php(1041): array_walk(Array, Object(Closure))
#10 E:\\Project\\Web\\laragon\\www\\my-crm\\backend\\vendor\\laravel\\framework\\src\\Illuminate\\Foundation\\Bootstrap\\BootProviders.php(17): Illuminate\\Foundation\\Application->boot()
#11 E:\\Project\\Web\\laragon\\www\\my-crm\\backend\\vendor\\laravel\\framework\\src\\Illuminate\\Foundation\\Application.php(286): Illuminate\\Foundation\\Bootstrap\\BootProviders->bootstrap(Object(Illuminate\\Foundation\\Application))
#12 E:\\Project\\Web\\laragon\\www\\my-crm\\backend\\vendor\\laravel\\framework\\src\\Illuminate\\Foundation\\Console\\Kernel.php(447): Illuminate\\Foundation\\Application->bootstrapWith(Array)
#13 E:\\Project\\Web\\laragon\\www\\my-crm\\backend\\vendor\\laravel\\framework\\src\\Illuminate\\Foundation\\Console\\Kernel.php(199): Illuminate\\Foundation\\Console\\Kernel->bootstrap()
#14 E:\\Project\\Web\\laragon\\www\\my-crm\\backend\\artisan(37): Illuminate\\Foundation\\Console\\Kernel->handle(Object(Symfony\\Component\\Console\\Input\\ArgvInput), Object(Symfony\\Component\\Console\\Output\\ConsoleOutput))
#15 {main}
"} 
